Error, "phase3/check17/equalAndNotEqual.rc": 
  Incompatible types to operator ==:
    int*,
    int;
  both must be of equivalent pointer type.
Error, "phase3/check17/equalAndNotEqual.rc": 
  Incompatible types to operator !=:
    int*,
    int;
  both must be of equivalent pointer type.
Error, "phase3/check17/equalAndNotEqual.rc": 
  Incompatible types to operator ==:
    int,
    int*;
  both must be of equivalent pointer type.
Error, "phase3/check17/equalAndNotEqual.rc": 
  Incompatible types to operator !=:
    int,
    int*;
  both must be of equivalent pointer type.
Error, "phase3/check17/equalAndNotEqual.rc": 
  Incompatible types to operator ==:
    int*,
    int**;
  both must be of equivalent pointer type.
Error, "phase3/check17/equalAndNotEqual.rc": 
  Incompatible types to operator !=:
    int*,
    int**;
  both must be of equivalent pointer type.
Compile: failure.
